<?xml version="1.0" encoding="UTF-8"?>
<!-- Generated by org.testng.reporters.JUnitXMLReporter -->
<testsuite ignored="0" hostname="EGCA1-0091" failures="0" tests="5" name="Simple Mobile Automation End2End" time="66.985" errors="0" timestamp="2022-07-22T16:53:42 EET">
  <testcase classname="test_cases.CheckMainOperations" name="checkSummationOperation" time="14.833"/>
  <testcase classname="test_cases.CheckMainOperations" name="checkSubtractionOperation" time="6.013"/>
  <testcase classname="test_cases.CheckMainOperations" name="checkMultiblicationOperation" time="5.999"/>
  <testcase classname="test_cases.CheckMainOperations" name="checkDivisionOperation" time="6.503"/>
  <testcase classname="test_cases.CheckMainOperations" name="checkModulasOperation" time="4.558"/>
</testsuite> <!-- Simple Mobile Automation End2End -->
